<?xml version="1.0" encoding="UTF-8"?>
<!-- Generated by org.testng.reporters.JUnitReportReporter -->
<testsuite hostname="DESKTOP-DOF1GDD" name="caci.roulette.RouletteGameTest" tests="9" failures="0" timestamp="16 Mar 2017 23:41:08 GMT" time="0.086" errors="0">
  <testcase name="shouldExceptionThrownWhenBetWithInvalidPocket" time="0.023" classname="caci.roulette.RouletteGameTest"/>
  <testcase name="shouldPlayerWinDoubleWhenOddRuleAndOddPocket" time="0.002" classname="caci.roulette.RouletteGameTest"/>
  <testcase name="shouldPlayerWinZeroWhenEvenRuleAndOddPocket" time="0.001" classname="caci.roulette.RouletteGameTest"/>
  <testcase name="shouldPlayerWinZeroWhenOddOrEvenAndZeroPocket" time="0.000" classname="caci.roulette.RouletteGameTest"/>
  <testcase name="shouldPlayerWinZeroWhenPocketRuleAndLosingPocket" time="0.001" classname="caci.roulette.RouletteGameTest"/>
  <testcase name="shouldExceptionThrownWhenBetWithNonPositiveAmount" time="0.003" classname="caci.roulette.RouletteGameTest"/>
  <testcase name="shouldPlayerWin36xWhenPocketRuleAndWinningPocket" time="0.053" classname="caci.roulette.RouletteGameTest"/>
  <testcase name="shouldPlayerWinZeroWhenOddRuleAndEvenPocket" time="0.001" classname="caci.roulette.RouletteGameTest"/>
  <testcase name="shouldPlayerWinDoubleWhenEvenRuleAndEvenPocket" time="0.002" classname="caci.roulette.RouletteGameTest"/>
</testsuite> <!-- caci.roulette.RouletteGameTest -->
